<?xml version="1.0" encoding="UTF-8"?>
<!-- Generated by org.testng.reporters.JUnitReportReporter -->
<testsuite hostname="DESKTOP-07J33UQ" failures="0" tests="3" name="com.crm.practice.BaseClass3" time="0.016" errors="0" timestamp="2022-05-03T12:15:19 IST" skipped="0">
  <testcase classname="com.crm.practice.BaseClass3" name="send3" time="0.002"/>
  <system-out/>
  <testcase classname="com.crm.practice.BaseClass3" name="send2" time="0.002"/>
  <system-out/>
  <testcase classname="com.crm.practice.BaseClass3" name="send1" time="0.012"/>
  <system-out/>
</testsuite> <!-- com.crm.practice.BaseClass3 -->
