<?xml version="1.0" encoding="UTF-8"?>
<!-- Generated by org.testng.reporters.JUnitReportReporter -->
<testsuite hostname="DESKTOP-07J33UQ" failures="0" tests="1" name="com.crm.practice.BaseClass2" time="0.006" errors="0" timestamp="2022-05-03T11:36:52 IST" skipped="0">
  <testcase classname="com.crm.practice.BaseClass2" name="sent1" time="0.006"/>
  <system-out/>
</testsuite> <!-- com.crm.practice.BaseClass2 -->
