<?xml version="1.0" encoding="UTF-8"?>
<!-- Generated by org.testng.reporters.JUnitReportReporter -->
<testsuite hostname="Lenovo-PC" failures="0" tests="3" name="com.crm.practice.SampleDataProviderTest" time="0.023" errors="0" timestamp="2022-05-05T15:30:24 IST" skipped="0">
  <testcase classname="com.crm.practice.SampleDataProviderTest" name="SampleDataTest" time="0.005"/>
  <system-out/>
  <testcase classname="com.crm.practice.SampleDataProviderTest" name="SampleDataTest" time="0.007"/>
  <system-out/>
  <testcase classname="com.crm.practice.SampleDataProviderTest" name="SampleDataTest" time="0.011"/>
  <system-out/>
</testsuite> <!-- com.crm.practice.SampleDataProviderTest -->
