<?xml version="1.0" encoding="UTF-8"?>
<!-- Generated by org.testng.reporters.JUnitReportReporter -->
<testsuite hostname="Lenovo-PC" failures="0" tests="1" name="com.crm.contactstest.CreateContactWithDropdownTest" time="43.696" errors="0" timestamp="2022-05-06T15:38:51 IST" skipped="0">
  <testcase classname="com.crm.contactstest.CreateContactWithDropdownTest" name="CreateContactWitDropdownTest" time="43.696"/>
  <system-out/>
</testsuite> <!-- com.crm.contactstest.CreateContactWithDropdownTest -->
