<?xml version="1.0" encoding="UTF-8"?>
<!-- Generated by org.testng.reporters.JUnitReportReporter -->
<testsuite hostname="Lenovo-PC" failures="0" tests="1" name="com.crm.contactstest.CreateContactsWithoutMandetoryFeildsTest" time="16.518" errors="0" timestamp="2022-05-05T15:36:40 IST" skipped="0">
  <testcase classname="com.crm.contactstest.CreateContactsWithoutMandetoryFeildsTest" name="CreateContactsWithoutMandetoryFeildTest" time="16.518"/>
  <system-out/>
</testsuite> <!-- com.crm.contactstest.CreateContactsWithoutMandetoryFeildsTest -->
