<?xml version="1.0" encoding="UTF-8"?>
<!-- Generated by org.testng.reporters.JUnitReportReporter -->
<testsuite hostname="DESKTOP-07J33UQ" failures="0" tests="3" name="com.crm.practice.TestClass2Test" time="0.020" errors="0" timestamp="2022-05-03T12:40:43 IST" skipped="0">
  <testcase classname="com.crm.practice.TestClass2Test" name="send2" time="0.015"/>
  <system-out/>
  <testcase classname="com.crm.practice.TestClass2Test" name="send1" time="0.002"/>
  <system-out/>
  <testcase classname="com.crm.practice.TestClass2Test" name="send3" time="0.003"/>
  <system-out/>
</testsuite> <!-- com.crm.practice.TestClass2Test -->
