<?xml version="1.0" encoding="UTF-8"?>
<!-- Generated by org.testng.reporters.JUnitReportReporter -->
<testsuite hostname="Lenovo-PC" failures="0" tests="1" name="com.crm.campaignsTest.CampaignWithproductTest" time="60.803" errors="0" timestamp="2022-05-06T15:16:24 IST" skipped="0">
  <testcase classname="com.crm.campaignsTest.CampaignWithproductTest" name="CampaignWitproductTest" time="60.803"/>
  <system-out/>
</testsuite> <!-- com.crm.campaignsTest.CampaignWithproductTest -->
