<?xml version="1.0" encoding="UTF-8"?>
<!-- Generated by org.testng.reporters.JUnitReportReporter -->
<testsuite hostname="DESKTOP-07J33UQ" failures="0" tests="1" name="com.crm.oppertunityTest.OppertunitiesWithRelatedToTest" time="66.845" errors="0" timestamp="2022-05-05T11:29:02 IST" skipped="0">
  <testcase classname="com.crm.oppertunityTest.OppertunitiesWithRelatedToTest" name="OppertunitieWithRelatedToTest" time="66.845"/>
  <system-out/>
</testsuite> <!-- com.crm.oppertunityTest.OppertunitiesWithRelatedToTest -->
