<?xml version="1.0" encoding="UTF-8"?>
<!-- Generated by org.testng.reporters.JUnitReportReporter -->
<testsuite hostname="DESKTOP-07J33UQ" failures="0" tests="3" name="com.crm.practice.TestClass4Test" time="0.018" errors="0" timestamp="2022-05-03T12:38:51 IST" skipped="1">
  <testcase classname="com.crm.practice.TestClass4Test" name="send3" time="0.002"/>
  <system-out/>
  <testcase classname="com.crm.practice.TestClass4Test" name="send1" time="0.016"/>
  <system-out/>
  <testcase classname="com.crm.practice.TestClass4Test" name="send2">
    <skipped/>
  </testcase> <!-- send2 -->
  <system-out/>
</testsuite> <!-- com.crm.practice.TestClass4Test -->
