<?xml version="1.0" encoding="UTF-8"?>
<!-- Generated by org.testng.reporters.JUnitReportReporter -->
<testsuite hostname="DESKTOP-07J33UQ" failures="0" tests="4" name="com.crm.practice.TestClass1Test" time="0.018" errors="0" timestamp="2022-05-03T12:39:25 IST" skipped="0">
  <testcase classname="com.crm.practice.TestClass1Test" name="send2" time="0.002"/>
  <system-out/>
  <testcase classname="com.crm.practice.TestClass1Test" name="send3" time="0.001"/>
  <system-out/>
  <testcase classname="com.crm.practice.TestClass1Test" name="send2" time="0.002"/>
  <system-out/>
  <testcase classname="com.crm.practice.TestClass1Test" name="send1" time="0.013"/>
  <system-out/>
</testsuite> <!-- com.crm.practice.TestClass1Test -->
