<?xml version="1.0" encoding="UTF-8"?>
<!-- Generated by org.testng.reporters.JUnitReportReporter -->
<testsuite hostname="DESKTOP-07J33UQ" failures="0" tests="1" name="com.crm.practice.CreateContacts" time="171.006" errors="0" timestamp="2022-05-03T11:54:38 IST" skipped="0">
  <testcase classname="com.crm.practice.CreateContacts" name="CreateContacts" time="171.006"/>
  <system-out/>
</testsuite> <!-- com.crm.practice.CreateContacts -->
